#
# There is insufficient memory for the Java Runtime Environment to continue.
# Native memory allocation (malloc) failed to allocate 318416 bytes for Chunk::new
# Possible reasons:
#   The system is out of physical RAM or swap space
#   The process is running with CompressedOops enabled, and the Java Heap may be blocking the growth of the native heap
# Possible solutions:
#   Reduce memory load on the system
#   Increase physical memory or swap space
#   Check if swap backing store is full
#   Decrease Java heap size (-Xmx/-Xms)
#   Decrease number of Java threads
#   Decrease Java thread stack sizes (-Xss)
#   Set larger code cache with -XX:ReservedCodeCacheSize=
#   JVM is running with Zero Based Compressed Oops mode in which the Java heap is
#     placed in the first 32GB address space. The Java Heap base address is the
#     maximum limit for the native heap growth. Please use -XX:HeapBaseMinAddress
#     to set the Java Heap base and to place the Java Heap above 32GB virtual address.
# This output file may be truncated or incomplete.
#
#  Out of Memory Error (allocation.cpp:390), pid=23392, tid=0x000000000000088c
#
# JRE version: Java(TM) SE Runtime Environment (8.0_201-b09) (build 1.8.0_201-b09)
# Java VM: Java HotSpot(TM) 64-Bit Server VM (25.201-b09 mixed mode windows-amd64 compressed oops)
# Failed to write core dump. Minidumps are not enabled by default on client versions of Windows
#

---------------  T H R E A D  ---------------

Current thread (0x000000001ee89000):  JavaThread "C2 CompilerThread1" daemon [_thread_in_native, id=2188, stack(0x000000001f7d0000,0x000000001f8d0000)]

Stack: [0x000000001f7d0000,0x000000001f8d0000]
[error occurred during error reporting (printing stack bounds), id 0xc0000005]

Native frames: (J=compiled Java code, j=interpreted, Vv=VM code, C=native code)


Current CompileTask:
C2:   1509 1527   !   4       java.net.URL::<init> (543 bytes)


---------------  P R O C E S S  ---------------

Java Threads: ( => current thread )
  0x000000001ef35800 JavaThread "Service Thread" daemon [_thread_blocked, id=24476, stack(0x000000001fad0000,0x000000001fbd0000)]
  0x000000001ee9c000 JavaThread "C1 CompilerThread3" daemon [_thread_blocked, id=20280, stack(0x000000001f9d0000,0x000000001fad0000)]
  0x000000001ee8f000 JavaThread "C2 CompilerThread2" daemon [_thread_in_native, id=19444, stack(0x000000001f8d0000,0x000000001f9d0000)]
=>0x000000001ee89000 JavaThread "C2 CompilerThread1" daemon [_thread_in_native, id=2188, stack(0x000000001f7d0000,0x000000001f8d0000)]
  0x000000001ee86000 JavaThread "C2 CompilerThread0" daemon [_thread_in_native, id=5968, stack(0x000000001f6d0000,0x000000001f7d0000)]
  0x000000001ee7b000 JavaThread "Monitor Ctrl-Break" daemon [_thread_in_native, id=13888, stack(0x000000001f5d0000,0x000000001f6d0000)]
  0x000000001ee0a000 JavaThread "Attach Listener" daemon [_thread_blocked, id=18476, stack(0x000000001f4d0000,0x000000001f5d0000)]
  0x000000001ee08800 JavaThread "Signal Dispatcher" daemon [_thread_blocked, id=19248, stack(0x000000001f3d0000,0x000000001f4d0000)]
  0x000000001cfde000 JavaThread "Finalizer" daemon [_thread_blocked, id=19272, stack(0x000000001f2d0000,0x000000001f3d0000)]
  0x000000001edf0800 JavaThread "Reference Handler" daemon [_thread_blocked, id=20760, stack(0x000000001f1d0000,0x000000001f2d0000)]
  0x00000000034c2800 JavaThread "main" [_thread_in_vm, id=20920, stack(0x00000000031f0000,0x00000000032f0000)]

Other Threads:
  0x000000001cfda000 VMThread [stack: 0x000000001ecd0000,0x000000001edd0000] [id=24940]
  0x000000001ef39800 WatcherThread [stack: 0x000000001fbd0000,0x000000001fcd0000] [id=17652]

VM state:not at safepoint (normal execution)

VM Mutex/Monitor currently owned by a thread: None

heap address: 0x00000006c1c00000, size: 4068 MB, Compressed Oops mode: Zero based, Oop shift amount: 3
Narrow klass base: 0x0000000000000000, Narrow klass shift: 3
Compressed class space size: 1073741824 Address: 0x00000007c0000000

Heap:
 PSYoungGen      total 76288K, used 48563K [0x000000076b400000, 0x0000000770900000, 0x00000007c0000000)
  eden space 65536K, 60% used [0x000000076b400000,0x000000076dac70e8,0x000000076f400000)
  from space 10752K, 82% used [0x000000076f400000,0x000000076fca5ca8,0x000000076fe80000)
  to   space 10752K, 0% used [0x000000076fe80000,0x000000076fe80000,0x0000000770900000)
 ParOldGen       total 175104K, used 16K [0x00000006c1c00000, 0x00000006cc700000, 0x000000076b400000)
  object space 175104K, 0% used [0x00000006c1c00000,0x00000006c1c04000,0x00000006cc700000)
 Metaspace       used 15169K, capacity 15476K, committed 15616K, reserved 1067008K
  class space    used 1867K, capacity 1944K, committed 2048K, reserved 1048576K

Card table byte_map: [0x0000000012980000,0x0000000013180000] byte_map_base: 0x000000000f372000

Marking Bits: (ParMarkBitMap*) 0x0000000061074ce0
 Begin Bits: [0x0000000013ed0000, 0x0000000017e60000)
 End Bits:   [0x0000000017e60000, 0x000000001bdf0000)

Polling page: 0x0000000000e20000

CodeCache: size=245760Kb used=6160Kb max_used=6160Kb free=239599Kb
 bounds [0x00000000035c0000, 0x0000000003bd0000, 0x00000000125c0000]
 total_blobs=2093 nmethods=1729 adapters=276
 compilation: enabled

Compilation events (10 events):
Event: 1.507 Thread 0x000000001ee9c000 nmethod 1739 0x0000000003bc5b90 code [0x0000000003bc5ce0, 0x0000000003bc5df0]
Event: 1.507 Thread 0x000000001ee9c000 1741  s    2       java.util.Vector::indexOf (67 bytes)
Event: 1.507 Thread 0x000000001ee9c000 nmethod 1741 0x0000000003bc5e50 code [0x0000000003bc5fe0, 0x0000000003bc64c8]
Event: 1.507 Thread 0x000000001ee9c000 1742       2       org.codehaus.plexus.interpolation.PrefixAwareRecursionInterceptor::expressionResolutionStarted (23 bytes)
Event: 1.507 Thread 0x000000001ee9c000 nmethod 1742 0x0000000003bc6750 code [0x0000000003bc68c0, 0x0000000003bc6a78]
Event: 1.507 Thread 0x000000001ee9c000 1743       2       org.codehaus.plexus.interpolation.AbstractDelegatingValueSource::getValue (11 bytes)
Event: 1.507 Thread 0x000000001ee9c000 nmethod 1743 0x0000000003bc6b90 code [0x0000000003bc6d00, 0x0000000003bc6e88]
Event: 1.507 Thread 0x000000001ee9c000 1744       2       org.codehaus.plexus.interpolation.reflection.ReflectionValueExtractor$Tokenizer::getPosition (23 bytes)
Event: 1.507 Thread 0x000000001ee9c000 nmethod 1744 0x0000000003bc6f10 code [0x0000000003bc7060, 0x0000000003bc71d0]
Event: 1.508 Thread 0x000000001ee9c000 1745   !   2       org.codehaus.plexus.interpolation.StringSearchInterpolator::interpolate (53 bytes)

GC Heap History (2 events):
Event: 1.013 GC heap before
{Heap before GC invocations=1 (full 0):
 PSYoungGen      total 76288K, used 65536K [0x000000076b400000, 0x0000000770900000, 0x00000007c0000000)
  eden space 65536K, 100% used [0x000000076b400000,0x000000076f400000,0x000000076f400000)
  from space 10752K, 0% used [0x000000076fe80000,0x000000076fe80000,0x0000000770900000)
  to   space 10752K, 0% used [0x000000076f400000,0x000000076f400000,0x000000076fe80000)
 ParOldGen       total 175104K, used 0K [0x00000006c1c00000, 0x00000006cc700000, 0x000000076b400000)
  object space 175104K, 0% used [0x00000006c1c00000,0x00000006c1c00000,0x00000006cc700000)
 Metaspace       used 11189K, capacity 11408K, committed 11776K, reserved 1058816K
  class space    used 1358K, capacity 1417K, committed 1536K, reserved 1048576K
Event: 1.019 GC heap after
Heap after GC invocations=1 (full 0):
 PSYoungGen      total 76288K, used 8855K [0x000000076b400000, 0x0000000770900000, 0x00000007c0000000)
  eden space 65536K, 0% used [0x000000076b400000,0x000000076b400000,0x000000076f400000)
  from space 10752K, 82% used [0x000000076f400000,0x000000076fca5ca8,0x000000076fe80000)
  to   space 10752K, 0% used [0x000000076fe80000,0x000000076fe80000,0x0000000770900000)
 ParOldGen       total 175104K, used 16K [0x00000006c1c00000, 0x00000006cc700000, 0x000000076b400000)
  object space 175104K, 0% used [0x00000006c1c00000,0x00000006c1c04000,0x00000006cc700000)
 Metaspace       used 11189K, capacity 11408K, committed 11776K, reserved 1058816K
  class space    used 1358K, capacity 1417K, committed 1536K, reserved 1048576K
}

Deoptimization events (10 events):
Event: 0.761 Thread 0x00000000034c2800 Uncommon trap: reason=unstable_if action=reinterpret pc=0x00000000038b8ff8 method=sun.nio.cs.StreamDecoder.implRead([CII)I @ 71
Event: 0.781 Thread 0x00000000034c2800 Uncommon trap: reason=unstable_if action=reinterpret pc=0x00000000038c71d8 method=org.codehaus.plexus.util.xml.pull.MXParser.nextImpl()I @ 241
Event: 0.844 Thread 0x00000000034c2800 Uncommon trap: reason=range_check action=make_not_entrant pc=0x00000000039191e8 method=sun.reflect.generics.parser.SignatureParser.current()C @ 34
Event: 0.844 Thread 0x00000000034c2800 Uncommon trap: reason=unstable_if action=reinterpret pc=0x000000000384dcc4 method=java.util.HashMap.getNode(ILjava/lang/Object;)Ljava/util/HashMap$Node; @ 129
Event: 0.846 Thread 0x00000000034c2800 Uncommon trap: reason=unstable_if action=reinterpret pc=0x000000000385619c method=java.util.HashMap.getNode(ILjava/lang/Object;)Ljava/util/HashMap$Node; @ 129
Event: 1.310 Thread 0x00000000034c2800 Uncommon trap: reason=null_check action=make_not_entrant pc=0x000000000375ed08 method=java.lang.String.equals(Ljava/lang/Object;)Z @ 8
Event: 1.394 Thread 0x00000000034c2800 Uncommon trap: reason=unstable_if action=reinterpret pc=0x00000000038c8d84 method=sun.nio.cs.UTF_8$Decoder.decodeArrayLoop(Ljava/nio/ByteBuffer;Ljava/nio/CharBuffer;)Ljava/nio/charset/CoderResult; @ 84
Event: 1.395 Thread 0x00000000034c2800 Uncommon trap: reason=unstable_if action=reinterpret pc=0x000000000384b61c method=java.lang.AbstractStringBuilder.append(Ljava/lang/String;)Ljava/lang/AbstractStringBuilder; @ 1
Event: 1.395 Thread 0x00000000034c2800 Uncommon trap: reason=unstable_if action=reinterpret pc=0x00000000037aa3bc method=java.lang.AbstractStringBuilder.append(Ljava/lang/String;)Ljava/lang/AbstractStringBuilder; @ 1
Event: 1.401 Thread 0x00000000034c2800 Uncommon trap: reason=unstable_if action=reinterpret pc=0x00000000037a9c40 method=java.lang.String.replace(CC)Ljava/lang/String; @ 2

Classes redefined (0 events):
No events

Internal exceptions (10 events):
Event: 0.686 Thread 0x00000000034c2800 Exception <a 'java/lang/ArrayIndexOutOfBoundsException'> (0x000000076cf5f030) thrown at [C:\re\workspace\8-2-build-windows-amd64-cygwin\jdk8u201\12322\hotspot\src\share\vm\runtime\sharedRuntime.cpp, line 605]
Event: 0.802 Thread 0x00000000034c2800 Exception <a 'java/lang/ArrayIndexOutOfBoundsException'> (0x000000076db922f0) thrown at [C:\re\workspace\8-2-build-windows-amd64-cygwin\jdk8u201\12322\hotspot\src\share\vm\runtime\sharedRuntime.cpp, line 605]
Event: 0.802 Thread 0x00000000034c2800 Exception <a 'java/lang/ArrayIndexOutOfBoundsException'> (0x000000076db96c50) thrown at [C:\re\workspace\8-2-build-windows-amd64-cygwin\jdk8u201\12322\hotspot\src\share\vm\runtime\sharedRuntime.cpp, line 605]
Event: 0.844 Thread 0x00000000034c2800 Exception <a 'java/lang/ArrayIndexOutOfBoundsException': 66> (0x000000076de66d08) thrown at [C:\re\workspace\8-2-build-windows-amd64-cygwin\jdk8u201\12322\hotspot\src\share\vm\interpreter\interpreterRuntime.cpp, line 368]
Event: 1.247 Thread 0x00000000034c2800 Exception <a 'java/lang/NoClassDefFoundError': com/google/inject/servlet/ServletModuleTargetVisitor> (0x000000076c9c65a0) thrown at [C:\re\workspace\8-2-build-windows-amd64-cygwin\jdk8u201\12322\hotspot\src\share\vm\classfile\systemDictionary.cpp, line 19
Event: 1.247 Thread 0x00000000034c2800 Exception <a 'java/lang/NoClassDefFoundError'> (0x000000076c9c65a0) thrown at [C:\re\workspace\8-2-build-windows-amd64-cygwin\jdk8u201\12322\hotspot\src\share\vm\prims\jvm.cpp, line 1506]
Event: 1.248 Thread 0x00000000034c2800 Exception <a 'java/lang/NoClassDefFoundError': javax/annotation/Priority> (0x000000076c9cb578) thrown at [C:\re\workspace\8-2-build-windows-amd64-cygwin\jdk8u201\12322\hotspot\src\share\vm\classfile\systemDictionary.cpp, line 199]
Event: 1.310 Thread 0x00000000034c2800 Implicit null exception at 0x000000000375eb18 to 0x000000000375ecf9
Event: 1.395 Thread 0x00000000034c2800 Implicit null exception at 0x000000000384b256 to 0x000000000384b605
Event: 1.395 Thread 0x00000000034c2800 Implicit null exception at 0x00000000037a9fd4 to 0x00000000037aa3a5

Events (10 events):
Event: 1.487 loading class org/eclipse/aether/util/version/GenericVersionConstraint
Event: 1.487 loading class org/eclipse/aether/util/version/GenericVersionConstraint done
Event: 1.487 loading class org/eclipse/aether/util/version/GenericVersion
Event: 1.487 loading class org/eclipse/aether/util/version/GenericVersion done
Event: 1.488 loading class org/eclipse/aether/util/version/GenericVersion$Tokenizer
Event: 1.488 loading class org/eclipse/aether/util/version/GenericVersion$Tokenizer done
Event: 1.488 loading class org/eclipse/aether/util/version/GenericVersion$Item
Event: 1.488 loading class org/eclipse/aether/util/version/GenericVersion$Item done
Event: 1.498 loading class org/apache/maven/model/Site
Event: 1.498 loading class org/apache/maven/model/Site done


Dynamic libraries:
0x00007ff6384b0000 - 0x00007ff6384e7000 	D:\jdk\bin\java.exe
0x00007fff801a0000 - 0x00007fff80390000 	C:\WINDOWS\SYSTEM32\ntdll.dll
0x00007fff7e770000 - 0x00007fff7e822000 	C:\WINDOWS\System32\KERNEL32.DLL
0x00007fff7d8d0000 - 0x00007fff7db75000 	C:\WINDOWS\System32\KERNELBASE.dll
0x00007fff7ebf0000 - 0x00007fff7ec93000 	C:\WINDOWS\System32\ADVAPI32.dll
0x00007fff7eed0000 - 0x00007fff7ef6e000 	C:\WINDOWS\System32\msvcrt.dll
0x00007fff7f780000 - 0x00007fff7f817000 	C:\WINDOWS\System32\sechost.dll
0x00007fff7ed30000 - 0x00007fff7ee50000 	C:\WINDOWS\System32\RPCRT4.dll
0x00007fff7e830000 - 0x00007fff7e9c4000 	C:\WINDOWS\System32\USER32.dll
0x00007fff7dbe0000 - 0x00007fff7dc01000 	C:\WINDOWS\System32\win32u.dll
0x00007fff7f830000 - 0x00007fff7f856000 	C:\WINDOWS\System32\GDI32.dll
0x00007fff7e0b0000 - 0x00007fff7e246000 	C:\WINDOWS\System32\gdi32full.dll
0x00007fff7e010000 - 0x00007fff7e0ae000 	C:\WINDOWS\System32\msvcp_win.dll
0x00007fff7dc10000 - 0x00007fff7dd0a000 	C:\WINDOWS\System32\ucrtbase.dll
0x00007fff6da30000 - 0x00007fff6dcb4000 	C:\WINDOWS\WinSxS\amd64_microsoft.windows.common-controls_6595b64144ccf1df_6.0.18362.1198_none_9e820b57e45ad92f\COMCTL32.dll
0x00007fff7e250000 - 0x00007fff7e585000 	C:\WINDOWS\System32\combase.dll
0x00007fff7dee0000 - 0x00007fff7df60000 	C:\WINDOWS\System32\bcryptPrimitives.dll
0x00007fff7e590000 - 0x00007fff7e5be000 	C:\WINDOWS\System32\IMM32.DLL
0x00007fff58ff0000 - 0x00007fff590aa000 	C:\PROGRAM FILES (X86)\AGILE DGS\BIN\FF64.DLL
0x00007fff7af90000 - 0x00007fff7af9a000 	C:\WINDOWS\SYSTEM32\Version.dll
0x00007fff7aeb0000 - 0x00007fff7aece000 	C:\PROGRAM FILES (X86)\AGILE DGS\BIN\DGStrategy64.dll
0x000000005e4f0000 - 0x000000005e5c1000 	D:\jdk\jre\bin\msvcr100.dll
0x0000000060850000 - 0x00000000610f4000 	D:\jdk\jre\bin\server\jvm.dll
0x00007fff7ed20000 - 0x00007fff7ed28000 	C:\WINDOWS\System32\PSAPI.DLL
0x00007fff6aa60000 - 0x00007fff6aa69000 	C:\WINDOWS\SYSTEM32\WSOCK32.dll
0x00007fff7ef70000 - 0x00007fff7efdf000 	C:\WINDOWS\System32\WS2_32.dll
0x00007fff7a8f0000 - 0x00007fff7a914000 	C:\WINDOWS\SYSTEM32\WINMM.dll
0x00007fff7a7b0000 - 0x00007fff7a7dd000 	C:\WINDOWS\SYSTEM32\WINMMBASE.dll
0x00007fff7de90000 - 0x00007fff7deda000 	C:\WINDOWS\System32\cfgmgr32.dll
0x00007fff5c130000 - 0x00007fff5c13f000 	D:\jdk\jre\bin\verify.dll
0x00007fff539d0000 - 0x00007fff539f9000 	D:\jdk\jre\bin\java.dll
0x00007fff76040000 - 0x00007fff76063000 	D:\jdk\jre\bin\instrument.dll
0x00007fff530a0000 - 0x00007fff530b6000 	D:\jdk\jre\bin\zip.dll
0x00007fff7f090000 - 0x00007fff7f777000 	C:\WINDOWS\System32\SHELL32.dll
0x00007fff7fcd0000 - 0x00007fff7fd79000 	C:\WINDOWS\System32\shcore.dll
0x00007fff7d140000 - 0x00007fff7d8c1000 	C:\WINDOWS\System32\windows.storage.dll
0x00007fff7d0d0000 - 0x00007fff7d0f3000 	C:\WINDOWS\System32\profapi.dll
0x00007fff7d060000 - 0x00007fff7d0aa000 	C:\WINDOWS\System32\powrprof.dll
0x00007fff7d050000 - 0x00007fff7d060000 	C:\WINDOWS\System32\UMPDC.dll
0x00007fff80090000 - 0x00007fff800e2000 	C:\WINDOWS\System32\shlwapi.dll
0x00007fff7d100000 - 0x00007fff7d111000 	C:\WINDOWS\System32\kernel.appcore.dll
0x00007fff7d120000 - 0x00007fff7d137000 	C:\WINDOWS\System32\cryptsp.dll
0x00007fff6f320000 - 0x00007fff6f33a000 	D:\idea\IntelliJ IDEA 2020.1\bin\breakgen64.dll
0x00007fff58a30000 - 0x00007fff58a4a000 	D:\jdk\jre\bin\net.dll
0x00007fff6c5a0000 - 0x00007fff6c776000 	C:\WINDOWS\SYSTEM32\urlmon.dll
0x00007fff6c2a0000 - 0x00007fff6c547000 	C:\WINDOWS\SYSTEM32\iertutil.dll
0x00007fff7ca70000 - 0x00007fff7ca7c000 	C:\WINDOWS\SYSTEM32\CRYPTBASE.DLL
0x00007fff7c8a0000 - 0x00007fff7c907000 	C:\WINDOWS\system32\mswsock.dll
0x00007fff7c410000 - 0x00007fff7c443000 	C:\WINDOWS\system32\rsaenh.dll
0x00007fff7de60000 - 0x00007fff7de86000 	C:\WINDOWS\System32\bcrypt.dll
0x00007fff7cf70000 - 0x00007fff7cf95000 	C:\WINDOWS\SYSTEM32\USERENV.dll
0x00007fff7c5b0000 - 0x00007fff7c5ea000 	C:\WINDOWS\SYSTEM32\IPHLPAPI.DLL
0x00007fff7eb10000 - 0x00007fff7eb18000 	C:\WINDOWS\System32\NSI.dll
0x00007fff75cc0000 - 0x00007fff75cd6000 	C:\WINDOWS\SYSTEM32\dhcpcsvc6.DLL
0x00007fff75ca0000 - 0x00007fff75cbc000 	C:\WINDOWS\SYSTEM32\dhcpcsvc.DLL
0x00007fff7c5f0000 - 0x00007fff7c6bb000 	C:\WINDOWS\SYSTEM32\DNSAPI.dll
0x00007fff58100000 - 0x00007fff58111000 	D:\jdk\jre\bin\nio.dll
0x00007fff77ed0000 - 0x00007fff77eda000 	C:\Users\Wonly\AppData\Local\Temp\jansi-1.17.1-9000928962792942784.dll
0x00007fff75fd0000 - 0x00007fff75fda000 	C:\Users\Wonly\AppData\Local\Temp\jansi-1.17.1-1074280774538173365.dll

VM Arguments:
jvm_args: -Dmaven.multiModuleProjectDirectory=D:\wlProject\cloud2020\cloud-eureka-server7002 -Dmaven.home=D:\apache-maven-3.6.1-bin\apache-maven-3.6.1 -Dclassworlds.conf=D:\apache-maven-3.6.1-bin\apache-maven-3.6.1\bin\m2.conf -Dmaven.ext.class.path=D:\idea\IntelliJ IDEA 2020.1\plugins\maven\lib\maven-event-listener.jar -javaagent:D:\idea\IntelliJ IDEA 2020.1\lib\idea_rt.jar=51973:D:\idea\IntelliJ IDEA 2020.1\bin -Dfile.encoding=UTF-8 
java_command: org.codehaus.classworlds.Launcher -Didea.version2020.1 --update-snapshots -s D:\apache-maven-3.6.1-bin\apache-maven-3.6.1\conf\settings.xml -DskipTests=true clean
java_class_path (initial): D:\apache-maven-3.6.1-bin\apache-maven-3.6.1\boot\plexus-classworlds-2.6.0.jar;D:\idea\IntelliJ IDEA 2020.1\lib\idea_rt.jar
Launcher Type: SUN_STANDARD

Environment Variables:
JAVA_HOME=D:\jdk
CLASSPATH=.;D:\jdk\lib;D:\jdk\lib\dt.jar;D:\jdk\lib\tools.jar
PATH=C:\Program Files (x86)\NetSarang\Xlpd 6\;C:\Program Files (x86)\NetSarang\Xftp 6\;C:\Program Files (x86)\NetSarang\Xshell 6\;C:\Program Files (x86)\NetSarang\Xmanager 6\;C:\Program Files (x86)\Common Files\Oracle\Java\javapath;C:\Program Files (x86)\Intel\Intel(R) Management Engine Components\iCLS\;C:\Program Files\Intel\Intel(R) Management Engine Components\iCLS\;C:\Windows\system32;C:\Windows;C:\Windows\System32\Wbem;C:\Windows\System32\WindowsPowerShell\v1.0\;C:\Windows\System32\OpenSSH\;C:\Program Files (x86)\Intel\Intel(R) Management Engine Components\DAL;C:\Program Files\Intel\Intel(R) Management Engine Components\DAL;C:\Program Files\Intel\WiFi\bin\;C:\Program Files\Common Files\Intel\WirelessCommon\;C:\Program Files (x86)\NVIDIA Corporation\PhysX\Common;C:\Program Files\NVIDIA Corporation\NVIDIA NvDLISR;D:\Git\cmd;D:\nodejs\;D:\jdk\bin;D:\jre;D:\apache-maven-3.6.1-bin\apache-maven-3.6.1\bin\;C:\Program Files\TortoiseSVN\bin;C:\WINDOWS\system32;C:\WINDOWS;C:\WINDOWS\System32\Wbem;C:\WINDOWS\System32\WindowsPowerShell\v1.0\;C:\WINDOWS\System32\OpenSSH\;D:\erlang\erl10.4\bin\;D:\rabbitMq\rabbitmq_server-3.7.16\sbin\;C:\Users\Wonly\AppData\Local\Microsoft\WindowsApps;;C:\Users\Wonly\AppData\Roaming\npm;D:\vscode\Microsoft VS Code\bin
USERNAME=Wonly
OS=Windows_NT
PROCESSOR_IDENTIFIER=Intel64 Family 6 Model 142 Stepping 10, GenuineIntel



---------------  S Y S T E M  ---------------

OS: Windows 10.0 , 64 bit Build 18362 (10.0.18362.1110)

CPU:total 8 (initial active 8) (4 cores per cpu, 2 threads per core) family 6 model 142 stepping 10, cmov, cx8, fxsr, mmx, sse, sse2, sse3, ssse3, sse4.1, sse4.2, popcnt, avx, avx2, aes, clmul, erms, 3dnowpref, lzcnt, ht, tsc, tscinvbit, bmi1, bmi2, adx

Memory: 4k page, physical 16658152k(5300996k free), swap 23473896k(5332k free)

vm_info: Java HotSpot(TM) 64-Bit Server VM (25.201-b09) for windows-amd64 JRE (1.8.0_201-b09), built on Dec 15 2018 18:36:39 by "java_re" with MS VC++ 10.0 (VS2010)

time: Fri Dec 04 14:58:40 2020
timezone: 中国标准时间
elapsed time: 1 seconds (0d 0h 0m 1s)

