#
# There is insufficient memory for the Java Runtime Environment to continue.
# Native memory allocation (malloc) failed to allocate 131088 bytes for Chunk::new
# Possible reasons:
#   The system is out of physical RAM or swap space
#   The process is running with CompressedOops enabled, and the Java Heap may be blocking the growth of the native heap
# Possible solutions:
#   Reduce memory load on the system
#   Increase physical memory or swap space
#   Check if swap backing store is full
#   Decrease Java heap size (-Xmx/-Xms)
#   Decrease number of Java threads
#   Decrease Java thread stack sizes (-Xss)
#   Set larger code cache with -XX:ReservedCodeCacheSize=
#   JVM is running with Zero Based Compressed Oops mode in which the Java heap is
#     placed in the first 32GB address space. The Java Heap base address is the
#     maximum limit for the native heap growth. Please use -XX:HeapBaseMinAddress
#     to set the Java Heap base and to place the Java Heap above 32GB virtual address.
# This output file may be truncated or incomplete.
#
#  Out of Memory Error (allocation.cpp:390), pid=23604, tid=0x0000000000005d34
#
# JRE version: Java(TM) SE Runtime Environment (8.0_201-b09) (build 1.8.0_201-b09)
# Java VM: Java HotSpot(TM) 64-Bit Server VM (25.201-b09 mixed mode windows-amd64 compressed oops)
# Failed to write core dump. Minidumps are not enabled by default on client versions of Windows
#

---------------  T H R E A D  ---------------

Current thread (0x000000001eb59000):  JavaThread "C2 CompilerThread2" daemon [_thread_in_native, id=23860, stack(0x000000001f5a0000,0x000000001f6a0000)]

Stack: [0x000000001f5a0000,0x000000001f6a0000]
[error occurred during error reporting (printing stack bounds), id 0xc0000005]

Native frames: (J=compiled Java code, j=interpreted, Vv=VM code, C=native code)


Current CompileTask:
C2:   1528 1523       4       java.net.URLClassLoader$1::run (5 bytes)


---------------  P R O C E S S  ---------------

Java Threads: ( => current thread )
  0x000000001ec0c000 JavaThread "Service Thread" daemon [_thread_blocked, id=24620, stack(0x000000001f7a0000,0x000000001f8a0000)]
  0x000000001eb65000 JavaThread "C1 CompilerThread3" daemon [_thread_blocked, id=20060, stack(0x000000001f6a0000,0x000000001f7a0000)]
=>0x000000001eb59000 JavaThread "C2 CompilerThread2" daemon [_thread_in_native, id=23860, stack(0x000000001f5a0000,0x000000001f6a0000)]
  0x000000001eb57000 JavaThread "C2 CompilerThread1" daemon [_thread_in_native, id=18440, stack(0x000000001f4a0000,0x000000001f5a0000)]
  0x000000001eb56000 JavaThread "C2 CompilerThread0" daemon [_thread_in_native, id=16104, stack(0x000000001f3a0000,0x000000001f4a0000)]
  0x000000001eb4b000 JavaThread "Monitor Ctrl-Break" daemon [_thread_in_native, id=21840, stack(0x000000001f2a0000,0x000000001f3a0000)]
  0x000000001ead9800 JavaThread "Attach Listener" daemon [_thread_blocked, id=21948, stack(0x000000001f1a0000,0x000000001f2a0000)]
  0x000000001ead8800 JavaThread "Signal Dispatcher" daemon [_thread_blocked, id=25388, stack(0x000000001f0a0000,0x000000001f1a0000)]
  0x00000000032aa800 JavaThread "Finalizer" daemon [_thread_blocked, id=23532, stack(0x000000001efa0000,0x000000001f0a0000)]
  0x000000001eac0800 JavaThread "Reference Handler" daemon [_thread_blocked, id=16016, stack(0x000000001eea0000,0x000000001efa0000)]
  0x00000000031b2800 JavaThread "main" [_thread_in_Java, id=4584, stack(0x0000000002e70000,0x0000000002f70000)]

Other Threads:
  0x000000001ccca800 VMThread [stack: 0x000000001e9a0000,0x000000001eaa0000] [id=21664]
  0x000000001ec11000 WatcherThread [stack: 0x000000001f8a0000,0x000000001f9a0000] [id=25004]

VM state:not at safepoint (normal execution)

VM Mutex/Monitor currently owned by a thread:  ([mutex/lock_event])
[0x0000000002d7da70] CodeCache_lock - owner thread: 0x0000000000000000
[0x00000000031b03d0] MethodCompileQueue_lock - owner thread: 0x0000000000000000

heap address: 0x00000006c1c00000, size: 4068 MB, Compressed Oops mode: Zero based, Oop shift amount: 3
Narrow klass base: 0x0000000000000000, Narrow klass shift: 3
Compressed class space size: 1073741824 Address: 0x00000007c0000000

Heap:
 PSYoungGen      total 76288K, used 51116K [0x000000076b400000, 0x0000000770900000, 0x00000007c0000000)
  eden space 65536K, 64% used [0x000000076b400000,0x000000076dd3f268,0x000000076f400000)
  from space 10752K, 82% used [0x000000076f400000,0x000000076fcac170,0x000000076fe80000)
  to   space 10752K, 0% used [0x000000076fe80000,0x000000076fe80000,0x0000000770900000)
 ParOldGen       total 175104K, used 16K [0x00000006c1c00000, 0x00000006cc700000, 0x000000076b400000)
  object space 175104K, 0% used [0x00000006c1c00000,0x00000006c1c04000,0x00000006cc700000)
 Metaspace       used 15210K, capacity 15490K, committed 15872K, reserved 1064960K
  class space    used 1868K, capacity 1946K, committed 2048K, reserved 1048576K

Card table byte_map: [0x0000000012670000,0x0000000012e70000] byte_map_base: 0x000000000f062000

Marking Bits: (ParMarkBitMap*) 0x0000000061074ce0
 Begin Bits: [0x0000000013bc0000, 0x0000000017b50000)
 End Bits:   [0x0000000017b50000, 0x000000001bae0000)

Polling page: 0x0000000000b10000

CodeCache: size=245760Kb used=6283Kb max_used=6283Kb free=239476Kb
 bounds [0x00000000032b0000, 0x00000000038e0000, 0x00000000122b0000]
 total_blobs=2209 nmethods=1845 adapters=276
 compilation: enabled

Compilation events (10 events):
Event: 1.411 Thread 0x000000001eb65000 nmethod 1604 0x0000000003818d10 code [0x0000000003818e80, 0x0000000003819028]
Event: 1.411 Thread 0x000000001eb65000 1605       2       java.util.ArrayList::calculateCapacity (16 bytes)
Event: 1.411 Thread 0x000000001eb56000 nmethod 1559 0x0000000003815e90 code [0x0000000003815fc0, 0x0000000003816038]
Event: 1.411 Thread 0x000000001eb56000 1573   !   4       java.nio.CharBuffer::wrap (20 bytes)
Event: 1.411 Thread 0x000000001eb65000 nmethod 1605 0x0000000003815b50 code [0x0000000003815ca0, 0x0000000003815e10]
Event: 1.412 Thread 0x000000001eb56000 nmethod 1573 0x0000000003813ed0 code [0x0000000003814020, 0x0000000003814258]
Event: 1.412 Thread 0x000000001eb56000 1587       4       java.lang.Class::cast (27 bytes)
Event: 1.413 Thread 0x000000001eb56000 nmethod 1587 0x0000000003817250 code [0x0000000003817380, 0x0000000003817478]
Event: 1.413 Thread 0x000000001eb56000 1572       4       java.nio.charset.CoderResult::isOverflow (14 bytes)
Event: 1.413 Thread 0x000000001eb56000 nmethod 1572 0x0000000003817050 code [0x0000000003817180, 0x00000000038171f8]

GC Heap History (2 events):
Event: 1.042 GC heap before
{Heap before GC invocations=1 (full 0):
 PSYoungGen      total 76288K, used 65536K [0x000000076b400000, 0x0000000770900000, 0x00000007c0000000)
  eden space 65536K, 100% used [0x000000076b400000,0x000000076f400000,0x000000076f400000)
  from space 10752K, 0% used [0x000000076fe80000,0x000000076fe80000,0x0000000770900000)
  to   space 10752K, 0% used [0x000000076f400000,0x000000076f400000,0x000000076fe80000)
 ParOldGen       total 175104K, used 0K [0x00000006c1c00000, 0x00000006cc700000, 0x000000076b400000)
  object space 175104K, 0% used [0x00000006c1c00000,0x00000006c1c00000,0x00000006cc700000)
 Metaspace       used 11184K, capacity 11408K, committed 11776K, reserved 1058816K
  class space    used 1358K, capacity 1417K, committed 1536K, reserved 1048576K
Event: 1.048 GC heap after
Heap after GC invocations=1 (full 0):
 PSYoungGen      total 76288K, used 8880K [0x000000076b400000, 0x0000000770900000, 0x00000007c0000000)
  eden space 65536K, 0% used [0x000000076b400000,0x000000076b400000,0x000000076f400000)
  from space 10752K, 82% used [0x000000076f400000,0x000000076fcac170,0x000000076fe80000)
  to   space 10752K, 0% used [0x000000076fe80000,0x000000076fe80000,0x0000000770900000)
 ParOldGen       total 175104K, used 16K [0x00000006c1c00000, 0x00000006cc700000, 0x000000076b400000)
  object space 175104K, 0% used [0x00000006c1c00000,0x00000006c1c04000,0x00000006cc700000)
 Metaspace       used 11184K, capacity 11408K, committed 11776K, reserved 1058816K
  class space    used 1358K, capacity 1417K, committed 1536K, reserved 1048576K
}

Deoptimization events (10 events):
Event: 0.558 Thread 0x00000000031b2800 Uncommon trap: reason=unstable_if action=reinterpret pc=0x00000000033d8c48 method=java.net.URI.match(CJJ)Z @ 19
Event: 0.741 Thread 0x00000000031b2800 Uncommon trap: reason=unstable_if action=reinterpret pc=0x00000000034b5a68 method=org.codehaus.plexus.util.xml.pull.MXParser.more()C @ 8
Event: 0.767 Thread 0x00000000031b2800 Uncommon trap: reason=unstable_if action=reinterpret pc=0x0000000003590b90 method=java.nio.charset.CoderResult.isOverflow()Z @ 5
Event: 0.788 Thread 0x00000000031b2800 Uncommon trap: reason=unstable_if action=reinterpret pc=0x000000000359e48c method=java.nio.charset.CoderResult.isOverflow()Z @ 5
Event: 0.797 Thread 0x00000000031b2800 Uncommon trap: reason=unstable_if action=reinterpret pc=0x00000000035a4c44 method=java.nio.charset.CoderResult.isOverflow()Z @ 5
Event: 0.817 Thread 0x00000000031b2800 Uncommon trap: reason=unstable_if action=reinterpret pc=0x00000000035b8498 method=org.codehaus.plexus.util.xml.pull.MXParser.nextImpl()I @ 241
Event: 0.872 Thread 0x00000000031b2800 Uncommon trap: reason=range_check action=make_not_entrant pc=0x00000000036112a8 method=sun.reflect.generics.parser.SignatureParser.current()C @ 34
Event: 0.872 Thread 0x00000000031b2800 Uncommon trap: reason=unstable_if action=reinterpret pc=0x0000000003540884 method=java.util.HashMap.getNode(ILjava/lang/Object;)Ljava/util/HashMap$Node; @ 129
Event: 0.874 Thread 0x00000000031b2800 Uncommon trap: reason=unstable_if action=reinterpret pc=0x000000000353dc1c method=java.util.HashMap.getNode(ILjava/lang/Object;)Ljava/util/HashMap$Node; @ 129
Event: 1.336 Thread 0x00000000031b2800 Uncommon trap: reason=null_check action=make_not_entrant pc=0x0000000003450a08 method=java.lang.String.equals(Ljava/lang/Object;)Z @ 8

Classes redefined (0 events):
No events

Internal exceptions (10 events):
Event: 0.728 Thread 0x00000000031b2800 Exception <a 'java/lang/ArrayIndexOutOfBoundsException'> (0x000000076cef8ce0) thrown at [C:\re\workspace\8-2-build-windows-amd64-cygwin\jdk8u201\12322\hotspot\src\share\vm\runtime\sharedRuntime.cpp, line 605]
Event: 0.730 Thread 0x00000000031b2800 Exception <a 'java/lang/ArrayIndexOutOfBoundsException'> (0x000000076cf18df0) thrown at [C:\re\workspace\8-2-build-windows-amd64-cygwin\jdk8u201\12322\hotspot\src\share\vm\runtime\sharedRuntime.cpp, line 605]
Event: 0.734 Thread 0x00000000031b2800 Exception <a 'java/lang/ArrayIndexOutOfBoundsException'> (0x000000076cf60470) thrown at [C:\re\workspace\8-2-build-windows-amd64-cygwin\jdk8u201\12322\hotspot\src\share\vm\runtime\sharedRuntime.cpp, line 605]
Event: 0.832 Thread 0x00000000031b2800 Exception <a 'java/lang/ArrayIndexOutOfBoundsException'> (0x000000076db93668) thrown at [C:\re\workspace\8-2-build-windows-amd64-cygwin\jdk8u201\12322\hotspot\src\share\vm\runtime\sharedRuntime.cpp, line 605]
Event: 0.832 Thread 0x00000000031b2800 Exception <a 'java/lang/ArrayIndexOutOfBoundsException'> (0x000000076db97fc8) thrown at [C:\re\workspace\8-2-build-windows-amd64-cygwin\jdk8u201\12322\hotspot\src\share\vm\runtime\sharedRuntime.cpp, line 605]
Event: 0.872 Thread 0x00000000031b2800 Exception <a 'java/lang/ArrayIndexOutOfBoundsException': 66> (0x000000076de68060) thrown at [C:\re\workspace\8-2-build-windows-amd64-cygwin\jdk8u201\12322\hotspot\src\share\vm\interpreter\interpreterRuntime.cpp, line 368]
Event: 1.271 Thread 0x00000000031b2800 Exception <a 'java/lang/NoClassDefFoundError': com/google/inject/servlet/ServletModuleTargetVisitor> (0x000000076c9c7e78) thrown at [C:\re\workspace\8-2-build-windows-amd64-cygwin\jdk8u201\12322\hotspot\src\share\vm\classfile\systemDictionary.cpp, line 19
Event: 1.271 Thread 0x00000000031b2800 Exception <a 'java/lang/NoClassDefFoundError'> (0x000000076c9c7e78) thrown at [C:\re\workspace\8-2-build-windows-amd64-cygwin\jdk8u201\12322\hotspot\src\share\vm\prims\jvm.cpp, line 1506]
Event: 1.271 Thread 0x00000000031b2800 Exception <a 'java/lang/NoClassDefFoundError': javax/annotation/Priority> (0x000000076c9cce50) thrown at [C:\re\workspace\8-2-build-windows-amd64-cygwin\jdk8u201\12322\hotspot\src\share\vm\classfile\systemDictionary.cpp, line 199]
Event: 1.336 Thread 0x00000000031b2800 Implicit null exception at 0x0000000003450818 to 0x00000000034509f9

Events (10 events):
Event: 1.411 loading class org/apache/maven/model/building/FileModelSource
Event: 1.411 loading class org/apache/maven/model/building/FileModelSource done
Event: 1.411 loading class org/apache/maven/model/building/ModelSource2
Event: 1.411 loading class org/apache/maven/model/building/ModelSource2 done
Event: 1.411 loading class org/apache/maven/model/io/xpp3/MavenXpp3ReaderEx
Event: 1.411 loading class org/apache/maven/model/io/xpp3/MavenXpp3ReaderEx done
Event: 1.413 loading class org/apache/maven/model/io/xpp3/MavenXpp3ReaderEx$ContentTransformer
Event: 1.413 loading class org/apache/maven/model/io/xpp3/MavenXpp3ReaderEx$ContentTransformer done
Event: 1.413 loading class org/codehaus/plexus/util/xml/Xpp3DomBuilder$InputLocationBuilder
Event: 1.413 loading class org/codehaus/plexus/util/xml/Xpp3DomBuilder$InputLocationBuilder done


Dynamic libraries:
0x00007ff6384b0000 - 0x00007ff6384e7000 	D:\jdk\bin\java.exe
0x00007fff801a0000 - 0x00007fff80390000 	C:\WINDOWS\SYSTEM32\ntdll.dll
0x00007fff7e770000 - 0x00007fff7e822000 	C:\WINDOWS\System32\KERNEL32.DLL
0x00007fff7d8d0000 - 0x00007fff7db75000 	C:\WINDOWS\System32\KERNELBASE.dll
0x00007fff7ebf0000 - 0x00007fff7ec93000 	C:\WINDOWS\System32\ADVAPI32.dll
0x00007fff7eed0000 - 0x00007fff7ef6e000 	C:\WINDOWS\System32\msvcrt.dll
0x00007fff7f780000 - 0x00007fff7f817000 	C:\WINDOWS\System32\sechost.dll
0x00007fff7ed30000 - 0x00007fff7ee50000 	C:\WINDOWS\System32\RPCRT4.dll
0x00007fff7e830000 - 0x00007fff7e9c4000 	C:\WINDOWS\System32\USER32.dll
0x00007fff7dbe0000 - 0x00007fff7dc01000 	C:\WINDOWS\System32\win32u.dll
0x00007fff7f830000 - 0x00007fff7f856000 	C:\WINDOWS\System32\GDI32.dll
0x00007fff7e0b0000 - 0x00007fff7e246000 	C:\WINDOWS\System32\gdi32full.dll
0x00007fff7e010000 - 0x00007fff7e0ae000 	C:\WINDOWS\System32\msvcp_win.dll
0x00007fff7dc10000 - 0x00007fff7dd0a000 	C:\WINDOWS\System32\ucrtbase.dll
0x00007fff6da30000 - 0x00007fff6dcb4000 	C:\WINDOWS\WinSxS\amd64_microsoft.windows.common-controls_6595b64144ccf1df_6.0.18362.1198_none_9e820b57e45ad92f\COMCTL32.dll
0x00007fff7e250000 - 0x00007fff7e585000 	C:\WINDOWS\System32\combase.dll
0x00007fff7dee0000 - 0x00007fff7df60000 	C:\WINDOWS\System32\bcryptPrimitives.dll
0x00007fff7e590000 - 0x00007fff7e5be000 	C:\WINDOWS\System32\IMM32.DLL
0x00007fff58ff0000 - 0x00007fff590aa000 	C:\PROGRAM FILES (X86)\AGILE DGS\BIN\FF64.DLL
0x00007fff7af90000 - 0x00007fff7af9a000 	C:\WINDOWS\SYSTEM32\Version.dll
0x00007fff7aeb0000 - 0x00007fff7aece000 	C:\PROGRAM FILES (X86)\AGILE DGS\BIN\DGStrategy64.dll
0x000000005e4f0000 - 0x000000005e5c1000 	D:\jdk\jre\bin\msvcr100.dll
0x0000000060850000 - 0x00000000610f4000 	D:\jdk\jre\bin\server\jvm.dll
0x00007fff7ed20000 - 0x00007fff7ed28000 	C:\WINDOWS\System32\PSAPI.DLL
0x00007fff6aa60000 - 0x00007fff6aa69000 	C:\WINDOWS\SYSTEM32\WSOCK32.dll
0x00007fff7ef70000 - 0x00007fff7efdf000 	C:\WINDOWS\System32\WS2_32.dll
0x00007fff7a8f0000 - 0x00007fff7a914000 	C:\WINDOWS\SYSTEM32\WINMM.dll
0x00007fff7a7b0000 - 0x00007fff7a7dd000 	C:\WINDOWS\SYSTEM32\WINMMBASE.dll
0x00007fff7de90000 - 0x00007fff7deda000 	C:\WINDOWS\System32\cfgmgr32.dll
0x00007fff5c130000 - 0x00007fff5c13f000 	D:\jdk\jre\bin\verify.dll
0x00007fff539d0000 - 0x00007fff539f9000 	D:\jdk\jre\bin\java.dll
0x00007fff76040000 - 0x00007fff76063000 	D:\jdk\jre\bin\instrument.dll
0x00007fff530a0000 - 0x00007fff530b6000 	D:\jdk\jre\bin\zip.dll
0x00007fff7f090000 - 0x00007fff7f777000 	C:\WINDOWS\System32\SHELL32.dll
0x00007fff7fcd0000 - 0x00007fff7fd79000 	C:\WINDOWS\System32\shcore.dll
0x00007fff7d140000 - 0x00007fff7d8c1000 	C:\WINDOWS\System32\windows.storage.dll
0x00007fff7d0d0000 - 0x00007fff7d0f3000 	C:\WINDOWS\System32\profapi.dll
0x00007fff7d060000 - 0x00007fff7d0aa000 	C:\WINDOWS\System32\powrprof.dll
0x00007fff7d050000 - 0x00007fff7d060000 	C:\WINDOWS\System32\UMPDC.dll
0x00007fff80090000 - 0x00007fff800e2000 	C:\WINDOWS\System32\shlwapi.dll
0x00007fff7d100000 - 0x00007fff7d111000 	C:\WINDOWS\System32\kernel.appcore.dll
0x00007fff7d120000 - 0x00007fff7d137000 	C:\WINDOWS\System32\cryptsp.dll
0x00007fff6f320000 - 0x00007fff6f33a000 	D:\idea\IntelliJ IDEA 2020.1\bin\breakgen64.dll
0x00007fff58a30000 - 0x00007fff58a4a000 	D:\jdk\jre\bin\net.dll
0x00007fff6c5a0000 - 0x00007fff6c776000 	C:\WINDOWS\SYSTEM32\urlmon.dll
0x00007fff6c2a0000 - 0x00007fff6c547000 	C:\WINDOWS\SYSTEM32\iertutil.dll
0x00007fff7ca70000 - 0x00007fff7ca7c000 	C:\WINDOWS\SYSTEM32\CRYPTBASE.DLL
0x00007fff7c8a0000 - 0x00007fff7c907000 	C:\WINDOWS\system32\mswsock.dll
0x00007fff7c410000 - 0x00007fff7c443000 	C:\WINDOWS\system32\rsaenh.dll
0x00007fff7de60000 - 0x00007fff7de86000 	C:\WINDOWS\System32\bcrypt.dll
0x00007fff7cf70000 - 0x00007fff7cf95000 	C:\WINDOWS\SYSTEM32\USERENV.dll
0x00007fff7c5b0000 - 0x00007fff7c5ea000 	C:\WINDOWS\SYSTEM32\IPHLPAPI.DLL
0x00007fff7eb10000 - 0x00007fff7eb18000 	C:\WINDOWS\System32\NSI.dll
0x00007fff75cc0000 - 0x00007fff75cd6000 	C:\WINDOWS\SYSTEM32\dhcpcsvc6.DLL
0x00007fff75ca0000 - 0x00007fff75cbc000 	C:\WINDOWS\SYSTEM32\dhcpcsvc.DLL
0x00007fff7c5f0000 - 0x00007fff7c6bb000 	C:\WINDOWS\SYSTEM32\DNSAPI.dll
0x00007fff58100000 - 0x00007fff58111000 	D:\jdk\jre\bin\nio.dll
0x00007fff77ed0000 - 0x00007fff77eda000 	C:\Users\Wonly\AppData\Local\Temp\jansi-1.17.1-4439992681150292034.dll
0x00007fff75fd0000 - 0x00007fff75fda000 	C:\Users\Wonly\AppData\Local\Temp\jansi-1.17.1-8708245512845335911.dll

VM Arguments:
jvm_args: -Dmaven.multiModuleProjectDirectory=D:\wlProject\cloud2020\cloud-eureka-server7002 -Dmaven.home=D:\apache-maven-3.6.1-bin\apache-maven-3.6.1 -Dclassworlds.conf=D:\apache-maven-3.6.1-bin\apache-maven-3.6.1\bin\m2.conf -Dmaven.ext.class.path=D:\idea\IntelliJ IDEA 2020.1\plugins\maven\lib\maven-event-listener.jar -javaagent:D:\idea\IntelliJ IDEA 2020.1\lib\idea_rt.jar=51969:D:\idea\IntelliJ IDEA 2020.1\bin -Dfile.encoding=UTF-8 
java_command: org.codehaus.classworlds.Launcher -Didea.version2020.1 --update-snapshots -s D:\apache-maven-3.6.1-bin\apache-maven-3.6.1\conf\settings.xml -DskipTests=true install
java_class_path (initial): D:\apache-maven-3.6.1-bin\apache-maven-3.6.1\boot\plexus-classworlds-2.6.0.jar;D:\idea\IntelliJ IDEA 2020.1\lib\idea_rt.jar
Launcher Type: SUN_STANDARD

Environment Variables:
JAVA_HOME=D:\jdk
CLASSPATH=.;D:\jdk\lib;D:\jdk\lib\dt.jar;D:\jdk\lib\tools.jar
PATH=C:\Program Files (x86)\NetSarang\Xlpd 6\;C:\Program Files (x86)\NetSarang\Xftp 6\;C:\Program Files (x86)\NetSarang\Xshell 6\;C:\Program Files (x86)\NetSarang\Xmanager 6\;C:\Program Files (x86)\Common Files\Oracle\Java\javapath;C:\Program Files (x86)\Intel\Intel(R) Management Engine Components\iCLS\;C:\Program Files\Intel\Intel(R) Management Engine Components\iCLS\;C:\Windows\system32;C:\Windows;C:\Windows\System32\Wbem;C:\Windows\System32\WindowsPowerShell\v1.0\;C:\Windows\System32\OpenSSH\;C:\Program Files (x86)\Intel\Intel(R) Management Engine Components\DAL;C:\Program Files\Intel\Intel(R) Management Engine Components\DAL;C:\Program Files\Intel\WiFi\bin\;C:\Program Files\Common Files\Intel\WirelessCommon\;C:\Program Files (x86)\NVIDIA Corporation\PhysX\Common;C:\Program Files\NVIDIA Corporation\NVIDIA NvDLISR;D:\Git\cmd;D:\nodejs\;D:\jdk\bin;D:\jre;D:\apache-maven-3.6.1-bin\apache-maven-3.6.1\bin\;C:\Program Files\TortoiseSVN\bin;C:\WINDOWS\system32;C:\WINDOWS;C:\WINDOWS\System32\Wbem;C:\WINDOWS\System32\WindowsPowerShell\v1.0\;C:\WINDOWS\System32\OpenSSH\;D:\erlang\erl10.4\bin\;D:\rabbitMq\rabbitmq_server-3.7.16\sbin\;C:\Users\Wonly\AppData\Local\Microsoft\WindowsApps;;C:\Users\Wonly\AppData\Roaming\npm;D:\vscode\Microsoft VS Code\bin
USERNAME=Wonly
OS=Windows_NT
PROCESSOR_IDENTIFIER=Intel64 Family 6 Model 142 Stepping 10, GenuineIntel



---------------  S Y S T E M  ---------------

OS: Windows 10.0 , 64 bit Build 18362 (10.0.18362.1110)

CPU:total 8 (initial active 8) (4 cores per cpu, 2 threads per core) family 6 model 142 stepping 10, cmov, cx8, fxsr, mmx, sse, sse2, sse3, ssse3, sse4.1, sse4.2, popcnt, avx, avx2, aes, clmul, erms, 3dnowpref, lzcnt, ht, tsc, tscinvbit, bmi1, bmi2, adx

Memory: 4k page, physical 16658152k(5295224k free), swap 23473896k(5368k free)

vm_info: Java HotSpot(TM) 64-Bit Server VM (25.201-b09) for windows-amd64 JRE (1.8.0_201-b09), built on Dec 15 2018 18:36:39 by "java_re" with MS VC++ 10.0 (VS2010)

time: Fri Dec 04 14:58:32 2020
timezone: 中国标准时间
elapsed time: 1 seconds (0d 0h 0m 1s)

